<?xml version="1.0" encoding="UTF-8"?>
<testng-results skipped="0" failed="0" ignored="0" total="1" passed="1">
  <reporter-output>
  </reporter-output>
  <suite name="Default suite" duration-ms="25787" started-at="2021-07-31T15:23:48Z" finished-at="2021-07-31T15:24:13Z">
    <groups>
    </groups>
    <test name="Default test" duration-ms="25787" started-at="2021-07-31T15:23:48Z" finished-at="2021-07-31T15:24:13Z">
      <class name="com.lambda.cert.automation.AppTest">
        <test-method status="PASS" signature="setUp()[pri:0, instance:com.lambda.cert.automation.AppTest@36c88a32]" name="setUp" is-config="true" duration-ms="11912" started-at="2021-07-31T15:23:48Z" finished-at="2021-07-31T15:24:00Z">
          <reporter-output>
          </reporter-output>
        </test-method> <!-- setUp -->
        <test-method status="PASS" signature="testScript()[pri:0, instance:com.lambda.cert.automation.AppTest@36c88a32]" name="testScript" duration-ms="13809" started-at="2021-07-31T15:24:00Z" finished-at="2021-07-31T15:24:13Z">
          <reporter-output>
          </reporter-output>
        </test-method> <!-- testScript -->
      </class> <!-- com.lambda.cert.automation.AppTest -->
    </test> <!-- Default test -->
  </suite> <!-- Default suite -->
</testng-results>
